<?xml version="1.0" encoding="UTF-8"?>
<Site BuildName="Win32-MSBuild"
	BuildStamp="20231120-0029-Experimental"
	Name="RecordingGamingComputer"
	Generator="ctest-3.28.0-rc5"
	CompilerName="C:/Program Files/Microsoft Visual Studio/2022/Community/VC/Tools/MSVC/14.37.32822/bin/Hostx86/x64/cl.exe"
	CompilerVersion="19.37.32825.0"
	OSName="Windows"
	Hostname="RecordingGamingComputer"
	OSRelease=" Professional"
	OSVersion=" (Build 22621)"
	OSPlatform="AMD64"
	Is64Bits="1"
	VendorString="GenuineIntel"
	VendorID="Intel Corporation"
	FamilyID="6"
	ModelID="7"
	ProcessorCacheSize="-1"
	NumberOfLogicalCPU="20"
	NumberOfPhysicalCPU="14"
	TotalVirtualMemory="46882"
	TotalPhysicalMemory="32546"
	LogicalProcessorsPerPhysical="1"
	ProcessorClockFrequency="3494"
	>
	<Testing>
		<StartDateTime>Nov 20 13:12 Pacific Standard Time</StartDateTime>
		<StartTestTime>1700514749</StartTestTime>
		<TestList/>
		<EndDateTime>Nov 20 13:12 Pacific Standard Time</EndDateTime>
		<EndTestTime>1700514749</EndTestTime>
		<ElapsedMinutes>0</ElapsedMinutes>
	</Testing>
</Site>
